{
  "RSpec": {
    "coverage": {
      "/Users/selenahawamdeh/Desktop/ICs/fragrant-cherry-4902/app/helpers/application_helper.rb": {
        "lines": [
          1,
          null
        ]
      },
      "/Users/selenahawamdeh/Desktop/ICs/fragrant-cherry-4902/app/models/challenge.rb": {
        "lines": [
          1,
          1,
          null
        ]
      },
      "/Users/selenahawamdeh/Desktop/ICs/fragrant-cherry-4902/app/models/application_record.rb": {
        "lines": [
          1,
          1,
          null
        ]
      },
      "/Users/selenahawamdeh/Desktop/ICs/fragrant-cherry-4902/app/models/contestant_project.rb": {
        "lines": [
          1,
          1,
          1,
          null
        ]
      },
      "/Users/selenahawamdeh/Desktop/ICs/fragrant-cherry-4902/app/models/contestant.rb": {
        "lines": [
          1,
          1,
          1,
          null
        ]
      },
      "/Users/selenahawamdeh/Desktop/ICs/fragrant-cherry-4902/app/models/project.rb": {
        "lines": [
          1,
          1,
          1,
          1,
          null
        ]
      },
      "/Users/selenahawamdeh/Desktop/ICs/fragrant-cherry-4902/app/channels/application_cable/channel.rb": {
        "lines": [
          0,
          0,
          0,
          0
        ],
        "branches": {
        }
      },
      "/Users/selenahawamdeh/Desktop/ICs/fragrant-cherry-4902/app/channels/application_cable/connection.rb": {
        "lines": [
          0,
          0,
          0,
          0
        ],
        "branches": {
        }
      },
      "/Users/selenahawamdeh/Desktop/ICs/fragrant-cherry-4902/app/controllers/application_controller.rb": {
        "lines": [
          0,
          0
        ],
        "branches": {
        }
      },
      "/Users/selenahawamdeh/Desktop/ICs/fragrant-cherry-4902/app/controllers/contestants_controller.rb": {
        "lines": [
          0,
          0,
          0,
          0,
          0
        ],
        "branches": {
        }
      },
      "/Users/selenahawamdeh/Desktop/ICs/fragrant-cherry-4902/app/controllers/projects_controller.rb": {
        "lines": [
          0,
          0,
          0,
          0,
          0
        ],
        "branches": {
        }
      },
      "/Users/selenahawamdeh/Desktop/ICs/fragrant-cherry-4902/app/jobs/application_job.rb": {
        "lines": [
          0,
          null,
          null,
          null,
          null,
          null,
          0
        ],
        "branches": {
        }
      },
      "/Users/selenahawamdeh/Desktop/ICs/fragrant-cherry-4902/app/mailers/application_mailer.rb": {
        "lines": [
          0,
          0,
          0,
          0
        ],
        "branches": {
        }
      }
    },
    "timestamp": 1707863857
  }
}
